
 /----------------------------------------------------------------------------\
 |                                                                            |
 |  yosys -- Yosys Open SYnthesis Suite                                       |
 |                                                                            |
 |  Copyright (C) 2012 - 2019  Clifford Wolf <clifford@clifford.at>           |
 |                                                                            |
 |  Permission to use, copy, modify, and/or distribute this software for any  |
 |  purpose with or without fee is hereby granted, provided that the above    |
 |  copyright notice and this permission notice appear in all copies.         |
 |                                                                            |
 |  THE SOFTWARE IS PROVIDED "AS IS" AND THE AUTHOR DISCLAIMS ALL WARRANTIES  |
 |  WITH REGARD TO THIS SOFTWARE INCLUDING ALL IMPLIED WARRANTIES OF          |
 |  MERCHANTABILITY AND FITNESS. IN NO EVENT SHALL THE AUTHOR BE LIABLE FOR   |
 |  ANY SPECIAL, DIRECT, INDIRECT, OR CONSEQUENTIAL DAMAGES OR ANY DAMAGES    |
 |  WHATSOEVER RESULTING FROM LOSS OF USE, DATA OR PROFITS, WHETHER IN AN     |
 |  ACTION OF CONTRACT, NEGLIGENCE OR OTHER TORTIOUS ACTION, ARISING OUT OF   |
 |  OR IN CONNECTION WITH THE USE OR PERFORMANCE OF THIS SOFTWARE.            |
 |                                                                            |
 \----------------------------------------------------------------------------/

 Yosys 0.9+932 (git sha1 7dece79, clang 3.8.0-2ubuntu4 -fPIC -Os)


-- Executing script file `run.ys' --

1. Executing Verilog-2005 frontend: /home/diego/bram_tests/rams_sdp_rf.v
Parsing Verilog input from `/home/diego/bram_tests/rams_sdp_rf.v' to AST representation.
Generating RTLIL representation for module `\rams_sdp_rf'.
Successfully finished Verilog frontend.

2. Executing SYNTH_XILINX pass.

2.1. Executing Verilog-2005 frontend: /home/diego/head_only/yosys/share/xilinx/cells_sim.v
Parsing Verilog input from `/home/diego/head_only/yosys/share/xilinx/cells_sim.v' to AST representation.
Generating RTLIL representation for module `\VCC'.
Generating RTLIL representation for module `\GND'.
Generating RTLIL representation for module `\IBUF'.
Generating RTLIL representation for module `\IBUFG'.
Generating RTLIL representation for module `\OBUF'.
Generating RTLIL representation for module `\IOBUF'.
Generating RTLIL representation for module `\OBUFT'.
Generating RTLIL representation for module `\BUFG'.
Generating RTLIL representation for module `\BUFGCTRL'.
Generating RTLIL representation for module `\BUFHCE'.
Generating RTLIL representation for module `\INV'.
Generating RTLIL representation for module `\LUT1'.
Generating RTLIL representation for module `\LUT2'.
Generating RTLIL representation for module `\LUT3'.
Generating RTLIL representation for module `\LUT4'.
Generating RTLIL representation for module `\LUT5'.
Generating RTLIL representation for module `\LUT6'.
Generating RTLIL representation for module `\LUT6_2'.
Generating RTLIL representation for module `\MUXCY'.
Generating RTLIL representation for module `\MUXF7'.
Generating RTLIL representation for module `\MUXF8'.
Generating RTLIL representation for module `\XORCY'.
Generating RTLIL representation for module `\CARRY4'.
Generating RTLIL representation for module `\FDRE'.
Generating RTLIL representation for module `\FDSE'.
Generating RTLIL representation for module `\FDCE'.
Generating RTLIL representation for module `\FDPE'.
Generating RTLIL representation for module `\FDRE_1'.
Generating RTLIL representation for module `\FDSE_1'.
Generating RTLIL representation for module `\FDCE_1'.
Generating RTLIL representation for module `\FDPE_1'.
Generating RTLIL representation for module `\LDCE'.
Generating RTLIL representation for module `\LDPE'.
Generating RTLIL representation for module `\RAM16X1S'.
Generating RTLIL representation for module `\RAM16X1S_1'.
Generating RTLIL representation for module `\RAM32X1S'.
Generating RTLIL representation for module `\RAM32X1S_1'.
Generating RTLIL representation for module `\RAM64X1S'.
Generating RTLIL representation for module `\RAM64X1S_1'.
Generating RTLIL representation for module `\RAM128X1S'.
Generating RTLIL representation for module `\RAM128X1S_1'.
Generating RTLIL representation for module `\RAM256X1S'.
Generating RTLIL representation for module `\RAM512X1S'.
Generating RTLIL representation for module `\RAM16X2S'.
Generating RTLIL representation for module `\RAM32X2S'.
Generating RTLIL representation for module `\RAM64X2S'.
Generating RTLIL representation for module `\RAM16X4S'.
Generating RTLIL representation for module `\RAM32X4S'.
Generating RTLIL representation for module `\RAM16X8S'.
Generating RTLIL representation for module `\RAM32X8S'.
Generating RTLIL representation for module `\RAM16X1D'.
Generating RTLIL representation for module `\RAM16X1D_1'.
Generating RTLIL representation for module `\RAM32X1D'.
Generating RTLIL representation for module `\RAM32X1D_1'.
Generating RTLIL representation for module `\RAM64X1D'.
Generating RTLIL representation for module `\RAM64X1D_1'.
Generating RTLIL representation for module `\RAM128X1D'.
Generating RTLIL representation for module `\RAM256X1D'.
Generating RTLIL representation for module `\RAM32M'.
Generating RTLIL representation for module `\RAM32M16'.
Generating RTLIL representation for module `\RAM64M'.
Generating RTLIL representation for module `\RAM64M8'.
Generating RTLIL representation for module `\ROM16X1'.
Generating RTLIL representation for module `\ROM32X1'.
Generating RTLIL representation for module `\ROM64X1'.
Generating RTLIL representation for module `\ROM128X1'.
Generating RTLIL representation for module `\ROM256X1'.
Generating RTLIL representation for module `\SRL16E'.
Generating RTLIL representation for module `\SRLC16E'.
Generating RTLIL representation for module `\SRLC32E'.
Generating RTLIL representation for module `\MULT18X18'.
Generating RTLIL representation for module `\MULT18X18S'.
Generating RTLIL representation for module `\MULT18X18SIO'.
Generating RTLIL representation for module `\DSP48A'.
Generating RTLIL representation for module `\DSP48A1'.
Generating RTLIL representation for module `\DSP48E1'.
Successfully finished Verilog frontend.

2.2. Executing Verilog-2005 frontend: /home/diego/head_only/yosys/share/xilinx/cells_xtra.v
Parsing Verilog input from `/home/diego/head_only/yosys/share/xilinx/cells_xtra.v' to AST representation.
Generating RTLIL representation for module `\FDCPE'.
Generating RTLIL representation for module `\FDRSE'.
Generating RTLIL representation for module `\LDCPE'.
Generating RTLIL representation for module `\AND2B1L'.
Generating RTLIL representation for module `\OR2L'.
Generating RTLIL representation for module `\MUXF5'.
Generating RTLIL representation for module `\MUXF6'.
Generating RTLIL representation for module `\MUXF9'.
Generating RTLIL representation for module `\CARRY8'.
Generating RTLIL representation for module `\ORCY'.
Generating RTLIL representation for module `\MULT_AND'.
Generating RTLIL representation for module `\SRL16'.
Generating RTLIL representation for module `\SRLC16'.
Generating RTLIL representation for module `\CFGLUT5'.
Generating RTLIL representation for module `\RAMB16_S1'.
Generating RTLIL representation for module `\RAMB16_S2'.
Generating RTLIL representation for module `\RAMB16_S4'.
Generating RTLIL representation for module `\RAMB16_S9'.
Generating RTLIL representation for module `\RAMB16_S18'.
Generating RTLIL representation for module `\RAMB16_S36'.
Generating RTLIL representation for module `\RAMB16_S1_S1'.
Generating RTLIL representation for module `\RAMB16_S1_S2'.
Generating RTLIL representation for module `\RAMB16_S1_S4'.
Generating RTLIL representation for module `\RAMB16_S1_S9'.
Generating RTLIL representation for module `\RAMB16_S1_S18'.
Generating RTLIL representation for module `\RAMB16_S1_S36'.
Generating RTLIL representation for module `\RAMB16_S2_S2'.
Generating RTLIL representation for module `\RAMB16_S2_S4'.
Generating RTLIL representation for module `\RAMB16_S2_S9'.
Generating RTLIL representation for module `\RAMB16_S2_S18'.
Generating RTLIL representation for module `\RAMB16_S2_S36'.
Generating RTLIL representation for module `\RAMB16_S4_S4'.
Generating RTLIL representation for module `\RAMB16_S4_S9'.
Generating RTLIL representation for module `\RAMB16_S4_S18'.
Generating RTLIL representation for module `\RAMB16_S4_S36'.
Generating RTLIL representation for module `\RAMB16_S9_S9'.
Generating RTLIL representation for module `\RAMB16_S9_S18'.
Generating RTLIL representation for module `\RAMB16_S9_S36'.
Generating RTLIL representation for module `\RAMB16_S18_S18'.
Generating RTLIL representation for module `\RAMB16_S18_S36'.
Generating RTLIL representation for module `\RAMB16_S36_S36'.
Generating RTLIL representation for module `\RAMB16BWE_S18'.
Generating RTLIL representation for module `\RAMB16BWE_S36'.
Generating RTLIL representation for module `\RAMB16BWE_S18_S9'.
Generating RTLIL representation for module `\RAMB16BWE_S18_S18'.
Generating RTLIL representation for module `\RAMB16BWE_S36_S9'.
Generating RTLIL representation for module `\RAMB16BWE_S36_S18'.
Generating RTLIL representation for module `\RAMB16BWE_S36_S36'.
Generating RTLIL representation for module `\RAMB16BWER'.
Generating RTLIL representation for module `\RAMB8BWER'.
Generating RTLIL representation for module `\FIFO16'.
Generating RTLIL representation for module `\RAMB16'.
Generating RTLIL representation for module `\RAMB32_S64_ECC'.
Generating RTLIL representation for module `\FIFO18'.
Generating RTLIL representation for module `\FIFO18_36'.
Generating RTLIL representation for module `\FIFO36'.
Generating RTLIL representation for module `\FIFO36_72'.
Generating RTLIL representation for module `\RAMB18'.
Generating RTLIL representation for module `\RAMB36'.
Generating RTLIL representation for module `\RAMB18SDP'.
Generating RTLIL representation for module `\RAMB36SDP'.
Generating RTLIL representation for module `\FIFO18E1'.
Generating RTLIL representation for module `\FIFO36E1'.
Generating RTLIL representation for module `\RAMB18E1'.
Generating RTLIL representation for module `\RAMB36E1'.
Generating RTLIL representation for module `\FIFO18E2'.
Generating RTLIL representation for module `\FIFO36E2'.
Generating RTLIL representation for module `\RAMB18E2'.
Generating RTLIL representation for module `\RAMB36E2'.
Generating RTLIL representation for module `\URAM288'.
Generating RTLIL representation for module `\URAM288_BASE'.
Generating RTLIL representation for module `\DSP48'.
Generating RTLIL representation for module `\DSP48E'.
Generating RTLIL representation for module `\DSP48E2'.
Generating RTLIL representation for module `\IFDDRCPE'.
Generating RTLIL representation for module `\IFDDRRSE'.
Generating RTLIL representation for module `\OFDDRCPE'.
Generating RTLIL representation for module `\OFDDRRSE'.
Generating RTLIL representation for module `\OFDDRTCPE'.
Generating RTLIL representation for module `\OFDDRTRSE'.
Generating RTLIL representation for module `\IDDR2'.
Generating RTLIL representation for module `\ODDR2'.
Generating RTLIL representation for module `\IDDR'.
Generating RTLIL representation for module `\IDDR_2CLK'.
Generating RTLIL representation for module `\ODDR'.
Generating RTLIL representation for module `\IDELAYCTRL'.
Generating RTLIL representation for module `\IDELAY'.
Generating RTLIL representation for module `\ISERDES'.
Generating RTLIL representation for module `\OSERDES'.
Generating RTLIL representation for module `\IODELAY'.
Generating RTLIL representation for module `\ISERDES_NODELAY'.
Generating RTLIL representation for module `\IODELAYE1'.
Generating RTLIL representation for module `\ISERDESE1'.
Generating RTLIL representation for module `\OSERDESE1'.
Generating RTLIL representation for module `\IDELAYE2'.
Generating RTLIL representation for module `\ODELAYE2'.
Generating RTLIL representation for module `\ISERDESE2'.
Generating RTLIL representation for module `\OSERDESE2'.
Generating RTLIL representation for module `\PHASER_IN'.
Generating RTLIL representation for module `\PHASER_IN_PHY'.
Generating RTLIL representation for module `\PHASER_OUT'.
Generating RTLIL representation for module `\PHASER_OUT_PHY'.
Generating RTLIL representation for module `\PHASER_REF'.
Generating RTLIL representation for module `\PHY_CONTROL'.
Generating RTLIL representation for module `\IDDRE1'.
Generating RTLIL representation for module `\ODDRE1'.
Generating RTLIL representation for module `\IDELAYE3'.
Generating RTLIL representation for module `\ODELAYE3'.
Generating RTLIL representation for module `\ISERDESE3'.
Generating RTLIL representation for module `\OSERDESE3'.
Generating RTLIL representation for module `\BITSLICE_CONTROL'.
Generating RTLIL representation for module `\RIU_OR'.
Generating RTLIL representation for module `\RX_BITSLICE'.
Generating RTLIL representation for module `\RXTX_BITSLICE'.
Generating RTLIL representation for module `\TX_BITSLICE'.
Generating RTLIL representation for module `\TX_BITSLICE_TRI'.
Generating RTLIL representation for module `\IODELAY2'.
Generating RTLIL representation for module `\IODRP2'.
Generating RTLIL representation for module `\IODRP2_MCB'.
Generating RTLIL representation for module `\ISERDES2'.
Generating RTLIL representation for module `\OSERDES2'.
Generating RTLIL representation for module `\IBUF_DLY_ADJ'.
Generating RTLIL representation for module `\IBUF_IBUFDISABLE'.
Generating RTLIL representation for module `\IBUF_INTERMDISABLE'.
Generating RTLIL representation for module `\IBUF_ANALOG'.
Generating RTLIL representation for module `\IBUFE3'.
Generating RTLIL representation for module `\IBUFDS'.
Generating RTLIL representation for module `\IBUFDS_DLY_ADJ'.
Generating RTLIL representation for module `\IBUFDS_IBUFDISABLE'.
Generating RTLIL representation for module `\IBUFDS_INTERMDISABLE'.
Generating RTLIL representation for module `\IBUFDS_DIFF_OUT'.
Generating RTLIL representation for module `\IBUFDS_DIFF_OUT_IBUFDISABLE'.
Generating RTLIL representation for module `\IBUFDS_DIFF_OUT_INTERMDISABLE'.
Generating RTLIL representation for module `\IBUFDSE3'.
Generating RTLIL representation for module `\IBUFDS_DPHY'.
Generating RTLIL representation for module `\IBUFGDS'.
Generating RTLIL representation for module `\IBUFGDS_DIFF_OUT'.
Generating RTLIL representation for module `\IOBUF_DCIEN'.
Generating RTLIL representation for module `\IOBUF_INTERMDISABLE'.
Generating RTLIL representation for module `\IOBUFE3'.
Generating RTLIL representation for module `\IOBUFDS'.
Generating RTLIL representation for module `\IOBUFDS_DCIEN'.
Generating RTLIL representation for module `\IOBUFDS_INTERMDISABLE'.
Generating RTLIL representation for module `\IOBUFDS_DIFF_OUT'.
Generating RTLIL representation for module `\IOBUFDS_DIFF_OUT_DCIEN'.
Generating RTLIL representation for module `\IOBUFDS_DIFF_OUT_INTERMDISABLE'.
Generating RTLIL representation for module `\IOBUFDSE3'.
Generating RTLIL representation for module `\OBUFDS'.
Generating RTLIL representation for module `\OBUFDS_DPHY'.
Generating RTLIL representation for module `\OBUFTDS'.
Generating RTLIL representation for module `\KEEPER'.
Generating RTLIL representation for module `\PULLDOWN'.
Generating RTLIL representation for module `\PULLUP'.
Generating RTLIL representation for module `\DCIRESET'.
Generating RTLIL representation for module `\HPIO_VREF'.
Generating RTLIL representation for module `\BUFGCE'.
Generating RTLIL representation for module `\BUFGCE_1'.
Generating RTLIL representation for module `\BUFGMUX'.
Generating RTLIL representation for module `\BUFGMUX_1'.
Generating RTLIL representation for module `\BUFGMUX_CTRL'.
Generating RTLIL representation for module `\BUFGMUX_VIRTEX4'.
Generating RTLIL representation for module `\BUFG_GT'.
Generating RTLIL representation for module `\BUFG_GT_SYNC'.
Generating RTLIL representation for module `\BUFG_PS'.
Generating RTLIL representation for module `\BUFGCE_DIV'.
Generating RTLIL representation for module `\BUFH'.
Generating RTLIL representation for module `\BUFIO2'.
Generating RTLIL representation for module `\BUFIO2_2CLK'.
Generating RTLIL representation for module `\BUFIO2FB'.
Generating RTLIL representation for module `\BUFPLL'.
Generating RTLIL representation for module `\BUFPLL_MCB'.
Generating RTLIL representation for module `\BUFIO'.
Generating RTLIL representation for module `\BUFIODQS'.
Generating RTLIL representation for module `\BUFR'.
Generating RTLIL representation for module `\BUFMR'.
Generating RTLIL representation for module `\BUFMRCE'.
Generating RTLIL representation for module `\DCM'.
Generating RTLIL representation for module `\DCM_SP'.
Generating RTLIL representation for module `\DCM_CLKGEN'.
Generating RTLIL representation for module `\DCM_ADV'.
Generating RTLIL representation for module `\DCM_BASE'.
Generating RTLIL representation for module `\DCM_PS'.
Generating RTLIL representation for module `\PMCD'.
Generating RTLIL representation for module `\PLL_ADV'.
Generating RTLIL representation for module `\PLL_BASE'.
Generating RTLIL representation for module `\MMCM_ADV'.
Generating RTLIL representation for module `\MMCM_BASE'.
Generating RTLIL representation for module `\MMCME2_ADV'.
Generating RTLIL representation for module `\MMCME2_BASE'.
Generating RTLIL representation for module `\PLLE2_ADV'.
Generating RTLIL representation for module `\PLLE2_BASE'.
Generating RTLIL representation for module `\MMCME3_ADV'.
Generating RTLIL representation for module `\MMCME3_BASE'.
Generating RTLIL representation for module `\PLLE3_ADV'.
Generating RTLIL representation for module `\PLLE3_BASE'.
Generating RTLIL representation for module `\MMCME4_ADV'.
Generating RTLIL representation for module `\MMCME4_BASE'.
Generating RTLIL representation for module `\PLLE4_ADV'.
Generating RTLIL representation for module `\PLLE4_BASE'.
Generating RTLIL representation for module `\BUFT'.
Generating RTLIL representation for module `\IN_FIFO'.
Generating RTLIL representation for module `\OUT_FIFO'.
Generating RTLIL representation for module `\HARD_SYNC'.
Generating RTLIL representation for module `\STARTUP_SPARTAN3'.
Generating RTLIL representation for module `\STARTUP_SPARTAN3E'.
Generating RTLIL representation for module `\STARTUP_SPARTAN3A'.
Generating RTLIL representation for module `\STARTUP_SPARTAN6'.
Generating RTLIL representation for module `\STARTUP_VIRTEX4'.
Generating RTLIL representation for module `\STARTUP_VIRTEX5'.
Generating RTLIL representation for module `\STARTUP_VIRTEX6'.
Generating RTLIL representation for module `\STARTUPE2'.
Generating RTLIL representation for module `\STARTUPE3'.
Generating RTLIL representation for module `\CAPTURE_SPARTAN3'.
Generating RTLIL representation for module `\CAPTURE_SPARTAN3A'.
Generating RTLIL representation for module `\CAPTURE_VIRTEX4'.
Generating RTLIL representation for module `\CAPTURE_VIRTEX5'.
Generating RTLIL representation for module `\CAPTURE_VIRTEX6'.
Generating RTLIL representation for module `\CAPTUREE2'.
Generating RTLIL representation for module `\ICAP_SPARTAN3A'.
Generating RTLIL representation for module `\ICAP_SPARTAN6'.
Generating RTLIL representation for module `\ICAP_VIRTEX4'.
Generating RTLIL representation for module `\ICAP_VIRTEX5'.
Generating RTLIL representation for module `\ICAP_VIRTEX6'.
Generating RTLIL representation for module `\ICAPE2'.
Generating RTLIL representation for module `\ICAPE3'.
Generating RTLIL representation for module `\BSCAN_SPARTAN3'.
Generating RTLIL representation for module `\BSCAN_SPARTAN3A'.
Generating RTLIL representation for module `\BSCAN_SPARTAN6'.
Generating RTLIL representation for module `\BSCAN_VIRTEX4'.
Generating RTLIL representation for module `\BSCAN_VIRTEX5'.
Generating RTLIL representation for module `\BSCAN_VIRTEX6'.
Generating RTLIL representation for module `\BSCANE2'.
Generating RTLIL representation for module `\DNA_PORT'.
Generating RTLIL representation for module `\DNA_PORTE2'.
Generating RTLIL representation for module `\FRAME_ECC_VIRTEX4'.
Generating RTLIL representation for module `\FRAME_ECC_VIRTEX5'.
Generating RTLIL representation for module `\FRAME_ECC_VIRTEX6'.
Generating RTLIL representation for module `\FRAME_ECCE2'.
Generating RTLIL representation for module `\FRAME_ECCE3'.
Generating RTLIL representation for module `\USR_ACCESS_VIRTEX4'.
Generating RTLIL representation for module `\USR_ACCESS_VIRTEX5'.
Generating RTLIL representation for module `\USR_ACCESS_VIRTEX6'.
Generating RTLIL representation for module `\USR_ACCESSE2'.
Generating RTLIL representation for module `\POST_CRC_INTERNAL'.
Generating RTLIL representation for module `\SUSPEND_SYNC'.
Generating RTLIL representation for module `\KEY_CLEAR'.
Generating RTLIL representation for module `\MASTER_JTAG'.
Generating RTLIL representation for module `\SPI_ACCESS'.
Generating RTLIL representation for module `\EFUSE_USR'.
Generating RTLIL representation for module `\SYSMON'.
Generating RTLIL representation for module `\XADC'.
Generating RTLIL representation for module `\SYSMONE1'.
Generating RTLIL representation for module `\SYSMONE4'.
Generating RTLIL representation for module `\GTPA1_DUAL'.
Generating RTLIL representation for module `\GT11_CUSTOM'.
Generating RTLIL representation for module `\GT11_DUAL'.
Generating RTLIL representation for module `\GT11CLK'.
Generating RTLIL representation for module `\GT11CLK_MGT'.
Generating RTLIL representation for module `\GTP_DUAL'.
Generating RTLIL representation for module `\GTX_DUAL'.
Generating RTLIL representation for module `\CRC32'.
Generating RTLIL representation for module `\CRC64'.
Generating RTLIL representation for module `\GTHE1_QUAD'.
Generating RTLIL representation for module `\GTXE1'.
Generating RTLIL representation for module `\IBUFDS_GTXE1'.
Generating RTLIL representation for module `\IBUFDS_GTHE1'.
Generating RTLIL representation for module `\GTHE2_CHANNEL'.
Generating RTLIL representation for module `\GTHE2_COMMON'.
Generating RTLIL representation for module `\GTPE2_CHANNEL'.
Generating RTLIL representation for module `\GTPE2_COMMON'.
Generating RTLIL representation for module `\GTXE2_CHANNEL'.
Generating RTLIL representation for module `\GTXE2_COMMON'.
Generating RTLIL representation for module `\IBUFDS_GTE2'.
Generating RTLIL representation for module `\GTHE3_CHANNEL'.
Generating RTLIL representation for module `\GTHE3_COMMON'.
Generating RTLIL representation for module `\GTHE4_CHANNEL'.
Generating RTLIL representation for module `\GTHE4_COMMON'.
Generating RTLIL representation for module `\GTYE3_CHANNEL'.
Generating RTLIL representation for module `\GTYE3_COMMON'.
Generating RTLIL representation for module `\GTYE4_CHANNEL'.
Generating RTLIL representation for module `\GTYE4_COMMON'.
Generating RTLIL representation for module `\IBUFDS_GTE3'.
Generating RTLIL representation for module `\IBUFDS_GTE4'.
Generating RTLIL representation for module `\OBUFDS_GTE3'.
Generating RTLIL representation for module `\OBUFDS_GTE3_ADV'.
Generating RTLIL representation for module `\OBUFDS_GTE4'.
Generating RTLIL representation for module `\OBUFDS_GTE4_ADV'.
Generating RTLIL representation for module `\PCIE_A1'.
Generating RTLIL representation for module `\PCIE_EP'.
Generating RTLIL representation for module `\PCIE_2_0'.
Generating RTLIL representation for module `\PCIE_2_1'.
Generating RTLIL representation for module `\PCIE_3_0'.
Generating RTLIL representation for module `\PCIE_3_1'.
Generating RTLIL representation for module `\PCIE40E4'.
Generating RTLIL representation for module `\EMAC'.
Generating RTLIL representation for module `\TEMAC'.
Generating RTLIL representation for module `\TEMAC_SINGLE'.
Generating RTLIL representation for module `\CMAC'.
Generating RTLIL representation for module `\CMACE4'.
Generating RTLIL representation for module `\PPC405_ADV'.
Generating RTLIL representation for module `\PPC440'.
Generating RTLIL representation for module `\MCB'.
Generating RTLIL representation for module `\PS7'.
Generating RTLIL representation for module `\PS8'.
Generating RTLIL representation for module `\ILKN'.
Generating RTLIL representation for module `\ILKNE4'.
Successfully finished Verilog frontend.

2.3. Executing HIERARCHY pass (managing design hierarchy).

2.3.1. Finding top of design hierarchy..
root of   0 design levels: rams_sdp_rf         
Automatically selected rams_sdp_rf as design top module.

2.3.2. Analyzing design hierarchy..
Top module:  \rams_sdp_rf

2.3.3. Analyzing design hierarchy..
Top module:  \rams_sdp_rf
Removed 0 unused modules.

2.4. Executing PROC pass (convert processes to netlists).

2.4.1. Executing PROC_CLEAN pass (remove empty switches from decision trees).
Cleaned up 0 empty switches.

2.4.2. Executing PROC_RMDEAD pass (remove dead branches from decision trees).
Removed a total of 0 dead cases.

2.4.3. Executing PROC_PRUNE pass (remove redundant assignments in processes).
Removed 0 redundant assignments.
Promoted 0 assignments to connections.

2.4.4. Executing PROC_INIT pass (extract init attributes).

2.4.5. Executing PROC_ARST pass (detect async resets in processes).

2.4.6. Executing PROC_MUX pass (convert decision trees to multiplexers).
Creating decoders for process `\rams_sdp_rf.$proc$/home/diego/bram_tests/rams_sdp_rf.v:18$6'.
     1/1: $0\dob[15:0]
Creating decoders for process `\rams_sdp_rf.$proc$/home/diego/bram_tests/rams_sdp_rf.v:11$2'.
     1/3: $0$memwr$\ram$/home/diego/bram_tests/rams_sdp_rf.v:14$1_EN[15:0]$5
     2/3: $0$memwr$\ram$/home/diego/bram_tests/rams_sdp_rf.v:14$1_DATA[15:0]$4
     3/3: $0$memwr$\ram$/home/diego/bram_tests/rams_sdp_rf.v:14$1_ADDR[9:0]$3

2.4.7. Executing PROC_DLATCH pass (convert process syncs to latches).

2.4.8. Executing PROC_DFF pass (convert process syncs to FFs).
Creating register for signal `\rams_sdp_rf.\dob' using process `\rams_sdp_rf.$proc$/home/diego/bram_tests/rams_sdp_rf.v:18$6'.
  created $dff cell `$procdff$36' with positive edge clock.
Creating register for signal `\rams_sdp_rf.$memwr$\ram$/home/diego/bram_tests/rams_sdp_rf.v:14$1_ADDR' using process `\rams_sdp_rf.$proc$/home/diego/bram_tests/rams_sdp_rf.v:11$2'.
  created $dff cell `$procdff$37' with positive edge clock.
Creating register for signal `\rams_sdp_rf.$memwr$\ram$/home/diego/bram_tests/rams_sdp_rf.v:14$1_DATA' using process `\rams_sdp_rf.$proc$/home/diego/bram_tests/rams_sdp_rf.v:11$2'.
  created $dff cell `$procdff$38' with positive edge clock.
Creating register for signal `\rams_sdp_rf.$memwr$\ram$/home/diego/bram_tests/rams_sdp_rf.v:14$1_EN' using process `\rams_sdp_rf.$proc$/home/diego/bram_tests/rams_sdp_rf.v:11$2'.
  created $dff cell `$procdff$39' with positive edge clock.

2.4.9. Executing PROC_CLEAN pass (remove empty switches from decision trees).
Found and cleaned up 1 empty switch in `\rams_sdp_rf.$proc$/home/diego/bram_tests/rams_sdp_rf.v:18$6'.
Removing empty process `rams_sdp_rf.$proc$/home/diego/bram_tests/rams_sdp_rf.v:18$6'.
Found and cleaned up 2 empty switches in `\rams_sdp_rf.$proc$/home/diego/bram_tests/rams_sdp_rf.v:11$2'.
Removing empty process `rams_sdp_rf.$proc$/home/diego/bram_tests/rams_sdp_rf.v:11$2'.
Cleaned up 3 empty switches.

2.5. Executing FLATTEN pass (flatten design).
No more expansions possible.

2.6. Executing TRIBUF pass.

2.7. Executing DEMINOUT pass (demote inout ports to input or output).

2.8. Executing OPT_EXPR pass (perform const folding).
Optimizing module rams_sdp_rf.

2.9. Executing OPT_CLEAN pass (remove unused cells and wires).
Finding unused cells or wires in module \rams_sdp_rf..
Removed 0 unused cells and 12 unused wires.
<suppressed ~2 debug messages>

2.10. Executing CHECK pass (checking for obvious problems).
checking module rams_sdp_rf..
found and reported 0 problems.

2.11. Executing OPT pass (performing simple optimizations).

2.11.1. Executing OPT_EXPR pass (perform const folding).
Optimizing module rams_sdp_rf.

2.11.2. Executing OPT_MERGE pass (detect identical cells).
Finding identical cells in module `\rams_sdp_rf'.
Removed a total of 0 cells.

2.11.3. Executing OPT_MUXTREE pass (detect dead branches in mux trees).
Running muxtree optimizer on module \rams_sdp_rf..
  Creating internal representation of mux trees.
  Evaluating internal representation of mux trees.
  Analyzing evaluation results.
Removed 0 multiplexer ports.
<suppressed ~4 debug messages>

2.11.4. Executing OPT_REDUCE pass (consolidate $*mux and $reduce_* inputs).
  Optimizing cells in module \rams_sdp_rf.
    Consolidated identical input bits for $mux cell $procmux$24:
      Old ports: A=16'0000000000000000, B=16'1111111111111111, Y=$procmux$24_Y
      New ports: A=1'0, B=1'1, Y=$procmux$24_Y [0]
      New connections: $procmux$24_Y [15:1] = { $procmux$24_Y [0] $procmux$24_Y [0] $procmux$24_Y [0] $procmux$24_Y [0] $procmux$24_Y [0] $procmux$24_Y [0] $procmux$24_Y [0] $procmux$24_Y [0] $procmux$24_Y [0] $procmux$24_Y [0] $procmux$24_Y [0] $procmux$24_Y [0] $procmux$24_Y [0] $procmux$24_Y [0] $procmux$24_Y [0] }
  Optimizing cells in module \rams_sdp_rf.
    Consolidated identical input bits for $mux cell $procmux$26:
      Old ports: A=16'0000000000000000, B=$procmux$24_Y, Y=$0$memwr$\ram$/home/diego/bram_tests/rams_sdp_rf.v:14$1_EN[15:0]$5
      New ports: A=1'0, B=$procmux$24_Y [0], Y=$0$memwr$\ram$/home/diego/bram_tests/rams_sdp_rf.v:14$1_EN[15:0]$5 [0]
      New connections: $0$memwr$\ram$/home/diego/bram_tests/rams_sdp_rf.v:14$1_EN[15:0]$5 [15:1] = { $0$memwr$\ram$/home/diego/bram_tests/rams_sdp_rf.v:14$1_EN[15:0]$5 [0] $0$memwr$\ram$/home/diego/bram_tests/rams_sdp_rf.v:14$1_EN[15:0]$5 [0] $0$memwr$\ram$/home/diego/bram_tests/rams_sdp_rf.v:14$1_EN[15:0]$5 [0] $0$memwr$\ram$/home/diego/bram_tests/rams_sdp_rf.v:14$1_EN[15:0]$5 [0] $0$memwr$\ram$/home/diego/bram_tests/rams_sdp_rf.v:14$1_EN[15:0]$5 [0] $0$memwr$\ram$/home/diego/bram_tests/rams_sdp_rf.v:14$1_EN[15:0]$5 [0] $0$memwr$\ram$/home/diego/bram_tests/rams_sdp_rf.v:14$1_EN[15:0]$5 [0] $0$memwr$\ram$/home/diego/bram_tests/rams_sdp_rf.v:14$1_EN[15:0]$5 [0] $0$memwr$\ram$/home/diego/bram_tests/rams_sdp_rf.v:14$1_EN[15:0]$5 [0] $0$memwr$\ram$/home/diego/bram_tests/rams_sdp_rf.v:14$1_EN[15:0]$5 [0] $0$memwr$\ram$/home/diego/bram_tests/rams_sdp_rf.v:14$1_EN[15:0]$5 [0] $0$memwr$\ram$/home/diego/bram_tests/rams_sdp_rf.v:14$1_EN[15:0]$5 [0] $0$memwr$\ram$/home/diego/bram_tests/rams_sdp_rf.v:14$1_EN[15:0]$5 [0] $0$memwr$\ram$/home/diego/bram_tests/rams_sdp_rf.v:14$1_EN[15:0]$5 [0] $0$memwr$\ram$/home/diego/bram_tests/rams_sdp_rf.v:14$1_EN[15:0]$5 [0] }
  Optimizing cells in module \rams_sdp_rf.
Performed a total of 2 changes.

2.11.5. Executing OPT_MERGE pass (detect identical cells).
Finding identical cells in module `\rams_sdp_rf'.
Removed a total of 0 cells.

2.11.6. Executing OPT_RMDFF pass (remove dff with constant values).

2.11.7. Executing OPT_CLEAN pass (remove unused cells and wires).
Finding unused cells or wires in module \rams_sdp_rf..

2.11.8. Executing OPT_EXPR pass (perform const folding).
Optimizing module rams_sdp_rf.

2.11.9. Rerunning OPT passes. (Maybe there is more to do..)

2.11.10. Executing OPT_MUXTREE pass (detect dead branches in mux trees).
Running muxtree optimizer on module \rams_sdp_rf..
  Creating internal representation of mux trees.
  Evaluating internal representation of mux trees.
  Analyzing evaluation results.
Removed 0 multiplexer ports.
<suppressed ~4 debug messages>

2.11.11. Executing OPT_REDUCE pass (consolidate $*mux and $reduce_* inputs).
  Optimizing cells in module \rams_sdp_rf.
Performed a total of 0 changes.

2.11.12. Executing OPT_MERGE pass (detect identical cells).
Finding identical cells in module `\rams_sdp_rf'.
Removed a total of 0 cells.

2.11.13. Executing OPT_RMDFF pass (remove dff with constant values).

2.11.14. Executing OPT_CLEAN pass (remove unused cells and wires).
Finding unused cells or wires in module \rams_sdp_rf..

2.11.15. Executing OPT_EXPR pass (perform const folding).
Optimizing module rams_sdp_rf.

2.11.16. Finished OPT passes. (There is nothing left to do.)

2.12. Executing WREDUCE pass (reducing word size of cells).
Removed cell rams_sdp_rf.$procmux$28 ($mux).
Removed cell rams_sdp_rf.$procmux$30 ($mux).
Removed cell rams_sdp_rf.$procmux$32 ($mux).
Removed cell rams_sdp_rf.$procmux$34 ($mux).
Removed top 15 bits (of 16) from FF cell rams_sdp_rf.$procdff$39 ($dff).

2.13. Executing PEEPOPT pass (run peephole optimizers).

2.14. Executing OPT_CLEAN pass (remove unused cells and wires).
Finding unused cells or wires in module \rams_sdp_rf..
Removed 0 unused cells and 4 unused wires.
<suppressed ~1 debug messages>

2.15. Executing PMUX2SHIFTX pass.

2.16. Executing TECHMAP pass (map to technology primitives).

2.16.1. Executing Verilog-2005 frontend: /home/diego/head_only/yosys/share/cmp2lut.v
Parsing Verilog input from `/home/diego/head_only/yosys/share/cmp2lut.v' to AST representation.
Generating RTLIL representation for module `\_90_lut_cmp_'.
Successfully finished Verilog frontend.

2.16.2. Continuing TECHMAP pass.
No more expansions possible.

2.17. Executing MEMORY_DFF pass (merging $dff cells to $memrd and $memwr).
Checking cell `$memwr$\ram$/home/diego/bram_tests/rams_sdp_rf.v:14$8' in module `\rams_sdp_rf': merged $dff to cell.
Checking cell `$memrd$\ram$/home/diego/bram_tests/rams_sdp_rf.v:20$7' in module `\rams_sdp_rf': merged data $dff with rd enable to cell.

2.18. Executing TECHMAP pass (map to technology primitives).

2.18.1. Executing Verilog-2005 frontend: /home/diego/head_only/yosys/share/mul2dsp.v
Parsing Verilog input from `/home/diego/head_only/yosys/share/mul2dsp.v' to AST representation.
Generating RTLIL representation for module `\_80_mul'.
Generating RTLIL representation for module `\_90_soft_mul'.
Successfully finished Verilog frontend.

2.18.2. Executing Verilog-2005 frontend: /home/diego/head_only/yosys/share/xilinx/xc7_dsp_map.v
Parsing Verilog input from `/home/diego/head_only/yosys/share/xilinx/xc7_dsp_map.v' to AST representation.
Generating RTLIL representation for module `\$__MUL25X18'.
Successfully finished Verilog frontend.

2.18.3. Continuing TECHMAP pass.
No more expansions possible.

2.19. Executing OPT_EXPR pass (perform const folding).

2.20. Executing WREDUCE pass (reducing word size of cells).

2.21. Executing XILINX_DSP pass (pack resources into DSPs).

2.22. Executing ALUMACC pass (create $alu and $macc cells).
Extracting $alu and $macc cells in module rams_sdp_rf:
  created 0 $alu and 0 $macc cells.

2.23. Executing SHARE pass (SAT-based resource sharing).

2.24. Executing OPT pass (performing simple optimizations).

2.24.1. Executing OPT_EXPR pass (perform const folding).
Optimizing module rams_sdp_rf.

2.24.2. Executing OPT_MERGE pass (detect identical cells).
Finding identical cells in module `\rams_sdp_rf'.
Removed a total of 0 cells.

2.24.3. Executing OPT_MUXTREE pass (detect dead branches in mux trees).
Running muxtree optimizer on module \rams_sdp_rf..
  Creating internal representation of mux trees.
  Evaluating internal representation of mux trees.
  Analyzing evaluation results.
Removed 0 multiplexer ports.
<suppressed ~2 debug messages>

2.24.4. Executing OPT_REDUCE pass (consolidate $*mux and $reduce_* inputs).
  Optimizing cells in module \rams_sdp_rf.
Performed a total of 0 changes.

2.24.5. Executing OPT_MERGE pass (detect identical cells).
Finding identical cells in module `\rams_sdp_rf'.
Removed a total of 0 cells.

2.24.6. Executing OPT_RMDFF pass (remove dff with constant values).

2.24.7. Executing OPT_CLEAN pass (remove unused cells and wires).
Finding unused cells or wires in module \rams_sdp_rf..
Removed 5 unused cells and 6 unused wires.
<suppressed ~6 debug messages>

2.24.8. Executing OPT_EXPR pass (perform const folding).
Optimizing module rams_sdp_rf.

2.24.9. Rerunning OPT passes. (Maybe there is more to do..)

2.24.10. Executing OPT_MUXTREE pass (detect dead branches in mux trees).
Running muxtree optimizer on module \rams_sdp_rf..
  Creating internal representation of mux trees.
  Evaluating internal representation of mux trees.
  Analyzing evaluation results.
Removed 0 multiplexer ports.
<suppressed ~1 debug messages>

2.24.11. Executing OPT_REDUCE pass (consolidate $*mux and $reduce_* inputs).
  Optimizing cells in module \rams_sdp_rf.
Performed a total of 0 changes.

2.24.12. Executing OPT_MERGE pass (detect identical cells).
Finding identical cells in module `\rams_sdp_rf'.
Removed a total of 0 cells.

2.24.13. Executing OPT_RMDFF pass (remove dff with constant values).

2.24.14. Executing OPT_CLEAN pass (remove unused cells and wires).
Finding unused cells or wires in module \rams_sdp_rf..

2.24.15. Executing OPT_EXPR pass (perform const folding).
Optimizing module rams_sdp_rf.

2.24.16. Finished OPT passes. (There is nothing left to do.)

2.25. Executing FSM pass (extract and optimize FSM).

2.25.1. Executing FSM_DETECT pass (finding FSMs in design).

2.25.2. Executing FSM_EXTRACT pass (extracting FSM from design).

2.25.3. Executing FSM_OPT pass (simple optimizations of FSMs).

2.25.4. Executing OPT_CLEAN pass (remove unused cells and wires).
Finding unused cells or wires in module \rams_sdp_rf..

2.25.5. Executing FSM_OPT pass (simple optimizations of FSMs).

2.25.6. Executing FSM_RECODE pass (re-assigning FSM state encoding).

2.25.7. Executing FSM_INFO pass (dumping all available information on FSM cells).

2.25.8. Executing FSM_MAP pass (mapping FSMs to basic logic).

2.26. Executing OPT pass (performing simple optimizations).

2.26.1. Executing OPT_EXPR pass (perform const folding).
Optimizing module rams_sdp_rf.

2.26.2. Executing OPT_MERGE pass (detect identical cells).
Finding identical cells in module `\rams_sdp_rf'.
Removed a total of 0 cells.

2.26.3. Executing OPT_RMDFF pass (remove dff with constant values).

2.26.4. Executing OPT_CLEAN pass (remove unused cells and wires).
Finding unused cells or wires in module \rams_sdp_rf..

2.26.5. Finished fast OPT passes.

2.27. Executing MEMORY pass.

2.27.1. Executing OPT_MEM pass (optimize memories).
Performed a total of 0 transformations.

2.27.2. Executing MEMORY_DFF pass (merging $dff cells to $memrd and $memwr).

2.27.3. Executing OPT_CLEAN pass (remove unused cells and wires).
Finding unused cells or wires in module \rams_sdp_rf..

2.27.4. Executing MEMORY_SHARE pass (consolidating $memrd/$memwr cells).

2.27.5. Executing OPT_CLEAN pass (remove unused cells and wires).
Finding unused cells or wires in module \rams_sdp_rf..

2.27.6. Executing MEMORY_COLLECT pass (generating $mem cells).
Collecting $memrd, $memwr and $meminit for memory `\ram' in module `\rams_sdp_rf':
  $memwr$\ram$/home/diego/bram_tests/rams_sdp_rf.v:14$8 ($memwr)
  $memrd$\ram$/home/diego/bram_tests/rams_sdp_rf.v:20$7 ($memrd)

2.28. Executing OPT_CLEAN pass (remove unused cells and wires).
Finding unused cells or wires in module \rams_sdp_rf..

2.29. Executing MEMORY_BRAM pass (mapping $mem cells to block memories).
Processing rams_sdp_rf.ram:
  Properties: ports=2 bits=16384 rports=1 wports=1 dbits=16 abits=10 words=1024
  Checking rule #1 for bram type $__XILINX_RAMB36_SDP (variant 1):
    Bram geometry: abits=9 dbits=72 wports=0 rports=0
    Estimated number of duplicates for more read ports: dups=1
    Metrics for $__XILINX_RAMB36_SDP: awaste=0 dwaste=56 bwaste=28672 waste=28672 efficiency=22
    Rule #1 for bram type $__XILINX_RAMB36_SDP (variant 1) accepted.
    Mapping to bram type $__XILINX_RAMB36_SDP (variant 1):
      Shuffle bit order to accommodate enable buckets of size 9..
      Results of bit order shuffling: 0 1 2 3 4 5 6 7 8 9 10 11 12 13 14 15 -1 -1
      Write port #0 is in clock domain \clk.
        Mapped to bram port B1.
      Read port #0 is in clock domain \clk.
        Mapped to bram port A1.1.
      Updated properties: dups=1 waste=28672 efficiency=22
      Storing for later selection.
  Checking rule #2 for bram type $__XILINX_RAMB18_SDP (variant 1):
    Bram geometry: abits=9 dbits=36 wports=0 rports=0
    Estimated number of duplicates for more read ports: dups=1
    Metrics for $__XILINX_RAMB18_SDP: awaste=0 dwaste=20 bwaste=10240 waste=10240 efficiency=44
    Rule #2 for bram type $__XILINX_RAMB18_SDP (variant 1) accepted.
    Mapping to bram type $__XILINX_RAMB18_SDP (variant 1):
      Shuffle bit order to accommodate enable buckets of size 9..
      Results of bit order shuffling: 0 1 2 3 4 5 6 7 8 9 10 11 12 13 14 15 -1 -1
      Write port #0 is in clock domain \clk.
        Mapped to bram port B1.
      Read port #0 is in clock domain \clk.
        Mapped to bram port A1.1.
      Updated properties: dups=1 waste=10240 efficiency=44
      Storing for later selection.
  Checking rule #3 for bram type $__XILINX_RAMB36_TDP (variant 1):
    Bram geometry: abits=10 dbits=36 wports=0 rports=0
    Estimated number of duplicates for more read ports: dups=1
    Metrics for $__XILINX_RAMB36_TDP: awaste=0 dwaste=20 bwaste=20480 waste=20480 efficiency=44
    Rule #3 for bram type $__XILINX_RAMB36_TDP (variant 1) accepted.
    Mapping to bram type $__XILINX_RAMB36_TDP (variant 1):
      Shuffle bit order to accommodate enable buckets of size 9..
      Results of bit order shuffling: 0 1 2 3 4 5 6 7 8 9 10 11 12 13 14 15 -1 -1
      Write port #0 is in clock domain \clk.
        Mapped to bram port B1.
      Read port #0 is in clock domain \clk.
        Mapped to bram port A1.1.
      Updated properties: dups=1 waste=20480 efficiency=44
      Storing for later selection.
  Checking rule #3 for bram type $__XILINX_RAMB36_TDP (variant 2):
    Bram geometry: abits=11 dbits=18 wports=0 rports=0
    Estimated number of duplicates for more read ports: dups=1
    Metrics for $__XILINX_RAMB36_TDP: awaste=1024 dwaste=2 bwaste=20480 waste=20480 efficiency=44
    Rule #3 for bram type $__XILINX_RAMB36_TDP (variant 2) accepted.
    Mapping to bram type $__XILINX_RAMB36_TDP (variant 2):
      Shuffle bit order to accommodate enable buckets of size 9..
      Results of bit order shuffling: 0 1 2 3 4 5 6 7 8 9 10 11 12 13 14 15 -1 -1
      Write port #0 is in clock domain \clk.
        Mapped to bram port B1.
      Read port #0 is in clock domain \clk.
        Mapped to bram port A1.1.
      Updated properties: dups=1 waste=20480 efficiency=44
      Storing for later selection.
  Checking rule #3 for bram type $__XILINX_RAMB36_TDP (variant 3):
    Bram geometry: abits=12 dbits=9 wports=0 rports=0
    Estimated number of duplicates for more read ports: dups=1
    Metrics for $__XILINX_RAMB36_TDP: awaste=3072 dwaste=2 bwaste=29696 waste=29696 efficiency=22
    Rule #3 for bram type $__XILINX_RAMB36_TDP (variant 3) accepted.
    Mapping to bram type $__XILINX_RAMB36_TDP (variant 3):
      Shuffle bit order to accommodate enable buckets of size 9..
      Results of bit order shuffling: 0 1 2 3 4 5 6 7 8 9 10 11 12 13 14 15 -1 -1
      Write port #0 is in clock domain \clk.
        Mapped to bram port B1.
      Read port #0 is in clock domain \clk.
        Mapped to bram port A1.1.
      Updated properties: dups=1 waste=29696 efficiency=22
      Storing for later selection.
  Checking rule #3 for bram type $__XILINX_RAMB36_TDP (variant 4):
    Bram geometry: abits=13 dbits=4 wports=0 rports=0
    Estimated number of duplicates for more read ports: dups=1
    Metrics for $__XILINX_RAMB36_TDP: awaste=7168 dwaste=0 bwaste=28672 waste=28672 efficiency=12
    Rule #3 for bram type $__XILINX_RAMB36_TDP (variant 4) accepted.
    Mapping to bram type $__XILINX_RAMB36_TDP (variant 4):
      Shuffle bit order to accommodate enable buckets of size 4..
      Results of bit order shuffling: 0 1 2 3 4 5 6 7 8 9 10 11 12 13 14 15
      Write port #0 is in clock domain \clk.
        Mapped to bram port B1.
      Read port #0 is in clock domain \clk.
        Mapped to bram port A1.1.
      Updated properties: dups=1 waste=28672 efficiency=12
      Storing for later selection.
  Checking rule #3 for bram type $__XILINX_RAMB36_TDP (variant 5):
    Bram geometry: abits=14 dbits=2 wports=0 rports=0
    Estimated number of duplicates for more read ports: dups=1
    Metrics for $__XILINX_RAMB36_TDP: awaste=15360 dwaste=0 bwaste=30720 waste=30720 efficiency=6
    Rule #3 for bram type $__XILINX_RAMB36_TDP (variant 5) accepted.
    Mapping to bram type $__XILINX_RAMB36_TDP (variant 5):
      Shuffle bit order to accommodate enable buckets of size 2..
      Results of bit order shuffling: 0 1 2 3 4 5 6 7 8 9 10 11 12 13 14 15
      Write port #0 is in clock domain \clk.
        Mapped to bram port B1.
      Read port #0 is in clock domain \clk.
        Mapped to bram port A1.1.
      Updated properties: dups=1 waste=30720 efficiency=6
      Storing for later selection.
  Checking rule #3 for bram type $__XILINX_RAMB36_TDP (variant 6):
    Bram geometry: abits=15 dbits=1 wports=0 rports=0
    Estimated number of duplicates for more read ports: dups=1
    Metrics for $__XILINX_RAMB36_TDP: awaste=31744 dwaste=0 bwaste=31744 waste=31744 efficiency=3
    Rule #3 for bram type $__XILINX_RAMB36_TDP (variant 6) rejected: requirement 'min efficiency 5' not met.
  Checking rule #4 for bram type $__XILINX_RAMB18_TDP (variant 1):
    Bram geometry: abits=10 dbits=18 wports=0 rports=0
    Estimated number of duplicates for more read ports: dups=1
    Metrics for $__XILINX_RAMB18_TDP: awaste=0 dwaste=2 bwaste=2048 waste=2048 efficiency=88
    Rule #4 for bram type $__XILINX_RAMB18_TDP (variant 1) accepted.
    Mapping to bram type $__XILINX_RAMB18_TDP (variant 1):
      Shuffle bit order to accommodate enable buckets of size 9..
      Results of bit order shuffling: 0 1 2 3 4 5 6 7 8 9 10 11 12 13 14 15 -1 -1
      Write port #0 is in clock domain \clk.
        Mapped to bram port B1.
      Read port #0 is in clock domain \clk.
        Mapped to bram port A1.1.
      Updated properties: dups=1 waste=2048 efficiency=88
      Storing for later selection.
  Checking rule #4 for bram type $__XILINX_RAMB18_TDP (variant 2):
    Bram geometry: abits=11 dbits=9 wports=0 rports=0
    Estimated number of duplicates for more read ports: dups=1
    Metrics for $__XILINX_RAMB18_TDP: awaste=1024 dwaste=2 bwaste=11264 waste=11264 efficiency=44
    Rule #4 for bram type $__XILINX_RAMB18_TDP (variant 2) accepted.
    Mapping to bram type $__XILINX_RAMB18_TDP (variant 2):
      Shuffle bit order to accommodate enable buckets of size 9..
      Results of bit order shuffling: 0 1 2 3 4 5 6 7 8 9 10 11 12 13 14 15 -1 -1
      Write port #0 is in clock domain \clk.
        Mapped to bram port B1.
      Read port #0 is in clock domain \clk.
        Mapped to bram port A1.1.
      Updated properties: dups=1 waste=11264 efficiency=44
      Storing for later selection.
  Checking rule #4 for bram type $__XILINX_RAMB18_TDP (variant 3):
    Bram geometry: abits=12 dbits=4 wports=0 rports=0
    Estimated number of duplicates for more read ports: dups=1
    Metrics for $__XILINX_RAMB18_TDP: awaste=3072 dwaste=0 bwaste=12288 waste=12288 efficiency=25
    Rule #4 for bram type $__XILINX_RAMB18_TDP (variant 3) accepted.
    Mapping to bram type $__XILINX_RAMB18_TDP (variant 3):
      Shuffle bit order to accommodate enable buckets of size 4..
      Results of bit order shuffling: 0 1 2 3 4 5 6 7 8 9 10 11 12 13 14 15
      Write port #0 is in clock domain \clk.
        Mapped to bram port B1.
      Read port #0 is in clock domain \clk.
        Mapped to bram port A1.1.
      Updated properties: dups=1 waste=12288 efficiency=25
      Storing for later selection.
  Checking rule #4 for bram type $__XILINX_RAMB18_TDP (variant 4):
    Bram geometry: abits=13 dbits=2 wports=0 rports=0
    Estimated number of duplicates for more read ports: dups=1
    Metrics for $__XILINX_RAMB18_TDP: awaste=7168 dwaste=0 bwaste=14336 waste=14336 efficiency=12
    Rule #4 for bram type $__XILINX_RAMB18_TDP (variant 4) accepted.
    Mapping to bram type $__XILINX_RAMB18_TDP (variant 4):
      Shuffle bit order to accommodate enable buckets of size 2..
      Results of bit order shuffling: 0 1 2 3 4 5 6 7 8 9 10 11 12 13 14 15
      Write port #0 is in clock domain \clk.
        Mapped to bram port B1.
      Read port #0 is in clock domain \clk.
        Mapped to bram port A1.1.
      Updated properties: dups=1 waste=14336 efficiency=12
      Storing for later selection.
  Checking rule #4 for bram type $__XILINX_RAMB18_TDP (variant 5):
    Bram geometry: abits=14 dbits=1 wports=0 rports=0
    Estimated number of duplicates for more read ports: dups=1
    Metrics for $__XILINX_RAMB18_TDP: awaste=15360 dwaste=0 bwaste=15360 waste=15360 efficiency=6
    Rule #4 for bram type $__XILINX_RAMB18_TDP (variant 5) accepted.
    Mapping to bram type $__XILINX_RAMB18_TDP (variant 5):
      Write port #0 is in clock domain \clk.
        Mapped to bram port B1.
      Read port #0 is in clock domain \clk.
        Mapped to bram port A1.1.
      Updated properties: dups=1 waste=15360 efficiency=6
      Storing for later selection.
  Selecting best of 12 rules:
    Efficiency for rule 4.5: efficiency=6, cells=16, acells=1
    Efficiency for rule 4.4: efficiency=12, cells=8, acells=1
    Efficiency for rule 4.3: efficiency=25, cells=4, acells=1
    Efficiency for rule 4.2: efficiency=44, cells=2, acells=1
    Efficiency for rule 4.1: efficiency=88, cells=1, acells=1
    Efficiency for rule 3.5: efficiency=6, cells=8, acells=1
    Efficiency for rule 3.4: efficiency=12, cells=4, acells=1
    Efficiency for rule 3.3: efficiency=22, cells=2, acells=1
    Efficiency for rule 3.2: efficiency=44, cells=1, acells=1
    Efficiency for rule 3.1: efficiency=44, cells=1, acells=1
    Efficiency for rule 2.1: efficiency=44, cells=2, acells=2
    Efficiency for rule 1.1: efficiency=22, cells=2, acells=2
    Selected rule 4.1 with efficiency 88.
    Mapping to bram type $__XILINX_RAMB18_TDP (variant 1):
      Shuffle bit order to accommodate enable buckets of size 9..
      Results of bit order shuffling: 0 1 2 3 4 5 6 7 8 9 10 11 12 13 14 15 -1 -1
      Write port #0 is in clock domain \clk.
        Mapped to bram port B1.
      Read port #0 is in clock domain \clk.
        Mapped to bram port A1.1.
      Creating $__XILINX_RAMB18_TDP cell at grid position <0 0 0>: ram.0.0.0

2.30. Executing TECHMAP pass (map to technology primitives).

2.30.1. Executing Verilog-2005 frontend: /home/diego/head_only/yosys/share/xilinx/xc7_brams_map.v
Parsing Verilog input from `/home/diego/head_only/yosys/share/xilinx/xc7_brams_map.v' to AST representation.
Generating RTLIL representation for module `\$__XILINX_RAMB36_SDP'.
Generating RTLIL representation for module `\$__XILINX_RAMB18_SDP'.
Generating RTLIL representation for module `\$__XILINX_RAMB36_TDP'.
Generating RTLIL representation for module `\$__XILINX_RAMB18_TDP'.
Successfully finished Verilog frontend.

2.30.2. Continuing TECHMAP pass.
Using template $paramod$c52c038f1089ca68586dfa4137cbca649ac6c71d\$__XILINX_RAMB18_TDP for cells of type $__XILINX_RAMB18_TDP.
No more expansions possible.
<suppressed ~20 debug messages>

2.31. Executing MEMORY_BRAM pass (mapping $mem cells to block memories).

2.32. Executing TECHMAP pass (map to technology primitives).

2.32.1. Executing Verilog-2005 frontend: /home/diego/head_only/yosys/share/xilinx/lutrams_map.v
Parsing Verilog input from `/home/diego/head_only/yosys/share/xilinx/lutrams_map.v' to AST representation.
Generating RTLIL representation for module `\$__XILINX_RAM32X1D'.
Generating RTLIL representation for module `\$__XILINX_RAM64X1D'.
Generating RTLIL representation for module `\$__XILINX_RAM128X1D'.
Successfully finished Verilog frontend.

2.32.2. Continuing TECHMAP pass.
No more expansions possible.

2.33. Executing OPT pass (performing simple optimizations).

2.33.1. Executing OPT_EXPR pass (perform const folding).
Optimizing module rams_sdp_rf.
<suppressed ~4 debug messages>

2.33.2. Executing OPT_MERGE pass (detect identical cells).
Finding identical cells in module `\rams_sdp_rf'.
Removed a total of 0 cells.

2.33.3. Executing OPT_RMDFF pass (remove dff with constant values).

2.33.4. Executing OPT_CLEAN pass (remove unused cells and wires).
Finding unused cells or wires in module \rams_sdp_rf..
Removed 0 unused cells and 18 unused wires.
<suppressed ~1 debug messages>

2.33.5. Finished fast OPT passes.

2.34. Executing MEMORY_MAP pass (converting $mem cells to logic and flip-flops).

2.35. Executing DFFSR2DFF pass (mapping DFFSR cells to simpler FFs).

2.36. Executing DFF2DFFE pass (transform $dff to $dffe where applicable).
Transforming FF to FF+Enable cells in module rams_sdp_rf:

2.37. Executing OPT pass (performing simple optimizations).

2.37.1. Executing OPT_EXPR pass (perform const folding).
Optimizing module rams_sdp_rf.

2.37.2. Executing OPT_MERGE pass (detect identical cells).
Finding identical cells in module `\rams_sdp_rf'.
Removed a total of 0 cells.

2.37.3. Executing OPT_MUXTREE pass (detect dead branches in mux trees).
Running muxtree optimizer on module \rams_sdp_rf..
  Creating internal representation of mux trees.
  No muxes found in this module.
Removed 0 multiplexer ports.

2.37.4. Executing OPT_REDUCE pass (consolidate $*mux and $reduce_* inputs).
  Optimizing cells in module \rams_sdp_rf.
Performed a total of 0 changes.

2.37.5. Executing OPT_MERGE pass (detect identical cells).
Finding identical cells in module `\rams_sdp_rf'.
Removed a total of 0 cells.

2.37.6. Executing OPT_SHARE pass.

2.37.7. Executing OPT_RMDFF pass (remove dff with constant values).

2.37.8. Executing OPT_CLEAN pass (remove unused cells and wires).
Finding unused cells or wires in module \rams_sdp_rf..

2.37.9. Executing OPT_EXPR pass (perform const folding).
Optimizing module rams_sdp_rf.

2.37.10. Finished OPT passes. (There is nothing left to do.)

2.38. Executing XILINX_SRL pass (Xilinx shift register extraction).

2.39. Executing TECHMAP pass (map to technology primitives).

2.39.1. Executing Verilog-2005 frontend: /home/diego/head_only/yosys/share/techmap.v
Parsing Verilog input from `/home/diego/head_only/yosys/share/techmap.v' to AST representation.
Generating RTLIL representation for module `\_90_simplemap_bool_ops'.
Generating RTLIL representation for module `\_90_simplemap_reduce_ops'.
Generating RTLIL representation for module `\_90_simplemap_logic_ops'.
Generating RTLIL representation for module `\_90_simplemap_compare_ops'.
Generating RTLIL representation for module `\_90_simplemap_various'.
Generating RTLIL representation for module `\_90_simplemap_registers'.
Generating RTLIL representation for module `\_90_shift_ops_shr_shl_sshl_sshr'.
Generating RTLIL representation for module `\_90_shift_shiftx'.
Generating RTLIL representation for module `\_90_fa'.
Generating RTLIL representation for module `\_90_lcu'.
Generating RTLIL representation for module `\_90_alu'.
Generating RTLIL representation for module `\_90_macc'.
Generating RTLIL representation for module `\_90_alumacc'.
Generating RTLIL representation for module `\$__div_mod_u'.
Generating RTLIL representation for module `\$__div_mod'.
Generating RTLIL representation for module `\_90_div'.
Generating RTLIL representation for module `\_90_mod'.
Generating RTLIL representation for module `\_90_pow'.
Generating RTLIL representation for module `\_90_pmux'.
Generating RTLIL representation for module `\_90_lut'.
Successfully finished Verilog frontend.

2.39.2. Executing Verilog-2005 frontend: /home/diego/head_only/yosys/share/xilinx/arith_map.v
Parsing Verilog input from `/home/diego/head_only/yosys/share/xilinx/arith_map.v' to AST representation.
Generating RTLIL representation for module `\_80_xilinx_lcu'.
Generating RTLIL representation for module `\_80_xilinx_alu'.
Successfully finished Verilog frontend.

2.39.3. Continuing TECHMAP pass.
Using extmapper simplemap for cells of type $and.
No more expansions possible.
<suppressed ~1 debug messages>

2.40. Executing OPT pass (performing simple optimizations).

2.40.1. Executing OPT_EXPR pass (perform const folding).
Optimizing module rams_sdp_rf.

2.40.2. Executing OPT_MERGE pass (detect identical cells).
Finding identical cells in module `\rams_sdp_rf'.
Removed a total of 0 cells.

2.40.3. Executing OPT_RMDFF pass (remove dff with constant values).

2.40.4. Executing OPT_CLEAN pass (remove unused cells and wires).
Finding unused cells or wires in module \rams_sdp_rf..

2.40.5. Finished fast OPT passes.

2.41. Executing TECHMAP pass (map to technology primitives).

2.41.1. Executing Verilog-2005 frontend: /home/diego/head_only/yosys/share/techmap.v
Parsing Verilog input from `/home/diego/head_only/yosys/share/techmap.v' to AST representation.
Generating RTLIL representation for module `\_90_simplemap_bool_ops'.
Generating RTLIL representation for module `\_90_simplemap_reduce_ops'.
Generating RTLIL representation for module `\_90_simplemap_logic_ops'.
Generating RTLIL representation for module `\_90_simplemap_compare_ops'.
Generating RTLIL representation for module `\_90_simplemap_various'.
Generating RTLIL representation for module `\_90_simplemap_registers'.
Generating RTLIL representation for module `\_90_shift_ops_shr_shl_sshl_sshr'.
Generating RTLIL representation for module `\_90_shift_shiftx'.
Generating RTLIL representation for module `\_90_fa'.
Generating RTLIL representation for module `\_90_lcu'.
Generating RTLIL representation for module `\_90_alu'.
Generating RTLIL representation for module `\_90_macc'.
Generating RTLIL representation for module `\_90_alumacc'.
Generating RTLIL representation for module `\$__div_mod_u'.
Generating RTLIL representation for module `\$__div_mod'.
Generating RTLIL representation for module `\_90_div'.
Generating RTLIL representation for module `\_90_mod'.
Generating RTLIL representation for module `\_90_pow'.
Generating RTLIL representation for module `\_90_pmux'.
Generating RTLIL representation for module `\_90_lut'.
Successfully finished Verilog frontend.

2.41.2. Executing Verilog-2005 frontend: /home/diego/head_only/yosys/share/xilinx/cells_map.v
Parsing Verilog input from `/home/diego/head_only/yosys/share/xilinx/cells_map.v' to AST representation.
Generating RTLIL representation for module `\_90_dff_nn0_to_np0'.
Generating RTLIL representation for module `\_90_dff_pn0_to_pp0'.
Generating RTLIL representation for module `\_90_dff_nn1_to_np1'.
Generating RTLIL representation for module `\_90_dff_pn1_to_pp1'.
Generating RTLIL representation for module `\$__SHREG_'.
Generating RTLIL representation for module `\$__XILINX_SHREG_'.
Generating RTLIL representation for module `\$__XILINX_MUXF78'.
Generating RTLIL representation for module `\$__XILINX_TINOUTPAD'.
Generating RTLIL representation for module `\$__XILINX_TOUTPAD'.
Successfully finished Verilog frontend.

2.41.3. Continuing TECHMAP pass.
No more expansions possible.

2.42. Executing TECHMAP pass (map to technology primitives).

2.42.1. Executing Verilog-2005 frontend: /home/diego/head_only/yosys/share/xilinx/xc7_ff_map.v
Parsing Verilog input from `/home/diego/head_only/yosys/share/xilinx/xc7_ff_map.v' to AST representation.
Generating RTLIL representation for module `\$_DFF_N_'.
Generating RTLIL representation for module `\$_DFF_P_'.
Generating RTLIL representation for module `\$_DFFE_NP_'.
Generating RTLIL representation for module `\$_DFFE_PP_'.
Generating RTLIL representation for module `\$_DFF_NN0_'.
Generating RTLIL representation for module `\$_DFF_NP0_'.
Generating RTLIL representation for module `\$_DFF_PN0_'.
Generating RTLIL representation for module `\$_DFF_PP0_'.
Generating RTLIL representation for module `\$_DFF_NN1_'.
Generating RTLIL representation for module `\$_DFF_NP1_'.
Generating RTLIL representation for module `\$_DFF_PN1_'.
Generating RTLIL representation for module `\$_DFF_PP1_'.
Generating RTLIL representation for module `\$_DLATCH_N_'.
Generating RTLIL representation for module `\$_DLATCH_P_'.
Successfully finished Verilog frontend.

2.42.2. Continuing TECHMAP pass.
No more expansions possible.

2.43. Executing OPT_EXPR pass (perform const folding).
Optimizing module rams_sdp_rf.

2.44. Executing TECHMAP pass (map to technology primitives).

2.44.1. Executing Verilog-2005 frontend: /home/diego/head_only/yosys/share/xilinx/abc9_map.v
Parsing Verilog input from `/home/diego/head_only/yosys/share/xilinx/abc9_map.v' to AST representation.
Generating RTLIL representation for module `\RAM32X1D'.
Generating RTLIL representation for module `\RAM64X1D'.
Generating RTLIL representation for module `\RAM128X1D'.
Generating RTLIL representation for module `\SRL16E'.
Generating RTLIL representation for module `\SRLC32E'.
Generating RTLIL representation for module `\DSP48E1'.
Successfully finished Verilog frontend.

2.44.2. Continuing TECHMAP pass.
No more expansions possible.

2.45. Executing Verilog-2005 frontend: /home/diego/head_only/yosys/share/xilinx/abc9_model.v
Parsing Verilog input from `/home/diego/head_only/yosys/share/xilinx/abc9_model.v' to AST representation.
Generating RTLIL representation for module `$__XILINX_MUXF78'.
Generating RTLIL representation for module `$__ABC9_LUT6'.
Generating RTLIL representation for module `$__ABC9_LUT7'.
Generating RTLIL representation for module `$__ABC9_DSP48E1_MULT_P_MUX'.
Generating RTLIL representation for module `$__ABC9_DSP48E1_MULT_PCOUT_MUX'.
Generating RTLIL representation for module `$__ABC9_DSP48E1_MULT_DPORT_P_MUX'.
Generating RTLIL representation for module `$__ABC9_DSP48E1_MULT_DPORT_PCOUT_MUX'.
Generating RTLIL representation for module `$__ABC9_DSP48E1_P_MUX'.
Generating RTLIL representation for module `$__ABC9_DSP48E1_PCOUT_MUX'.
Generating RTLIL representation for module `$__ABC9_DSP48E1_MULT'.
Generating RTLIL representation for module `$__ABC9_DSP48E1_MULT_DPORT'.
Generating RTLIL representation for module `$__ABC9_DSP48E1'.
Successfully finished Verilog frontend.

2.46. Executing ABC9 pass (technology mapping using ABC9).

2.46.1. Extracting gate netlist of module `\rams_sdp_rf' to `<abc-temp-dir>/input.xaig'..

2.46.1.1. Executing SCC pass (detecting logic loops).
Found 0 SCCs in module rams_sdp_rf.
Found 0 SCCs.

2.46.1.2. Executing AIGMAP pass (map logic to AIG).
Module rams_sdp_rf: replaced 0 cells with 0 new cells, skipped 2 cells.
  not replaced 2 cell types:
       1 $_AND_
       1 RAMB18E1

2.46.1.3. Executing XAIGER backend.
<suppressed ~5 debug messages>

2.46.1.4. Executing ABC9.
Running ABC command: <yosys-exe-dir>/yosys-abc -s -f <abc-temp-dir>/abc.script 2>&1
ABC: ABC command line: "source <abc-temp-dir>/abc.script".
ABC: 
ABC: + read_lut <yosys-exe-dir>/share/xilinx/abc9_xc7.lut 
ABC: + read_box -v <yosys-exe-dir>/share/xilinx/abc9_xc7.box 
ABC: + &read <abc-temp-dir>/input.xaig 
ABC: + &ps 
ABC: <abc-temp-dir>/input : i/o =     76/     55  and =       1  lev =    1 (0.02)  mem = 0.00 MB  box = 0  bb = 0
ABC: + &st 
ABC: + &scorr 
ABC: Warning: The network is combinational.
ABC: + &sweep 
ABC: + &dc2 
ABC: + &st 
ABC: + &dch -f 
ABC: + &ps 
ABC: <abc-temp-dir>/input : i/o =     76/     55  and =       1  lev =    1 (0.02)  mem = 0.00 MB  ch =    0  box = 0  bb = 0
ABC: + &if -W 300 -v 
ABC: K = 8. Memory (bytes): Truth =    0. Cut =   64. Obj =  144. Set =  672. CutMin = no
ABC: Node =       1.  Ch =     0.  Total mem =    0.02 MB. Peak cut mem =    0.00 MB.
ABC: P:  Del = 2454.00.  Ar =       2.0.  Edge =        2.  Cut =        1.  T =     0.00 sec
ABC: P:  Del = 2454.00.  Ar =       2.0.  Edge =        2.  Cut =        1.  T =     0.00 sec
ABC: P:  Del = 2454.00.  Ar =       2.0.  Edge =        2.  Cut =        1.  T =     0.00 sec
ABC: F:  Del = 2454.00.  Ar =       2.0.  Edge =        2.  Cut =        1.  T =     0.00 sec
ABC: A:  Del = 2454.00.  Ar =       2.0.  Edge =        2.  Cut =        1.  T =     0.00 sec
ABC: A:  Del = 2454.00.  Ar =       2.0.  Edge =        2.  Cut =        1.  T =     0.00 sec
ABC: Total time =     0.00 sec
ABC: + 
ABC: + &ps -l 
ABC: <abc-temp-dir>/input : i/o =     76/     55  and =       1  lev =    1 (0.02)  mem = 0.00 MB  box = 0  bb = 0
ABC: Mapping (K=2)  :  lut =      1  edge =       2  lev =    1 (0.02)  mem = 0.00 MB
ABC: LUT = 1 : 2=1 100.0 %  Ave = 2.00
ABC: + &write <abc-temp-dir>/output.aig 
<suppressed ~270 debug messages>
Removed 0 unused cells and 75 unused wires.

2.46.1.5. Re-integrating ABC9 results.
ABC RESULTS:              $lut cells:        1
ABC RESULTS:           input signals:       11
ABC RESULTS:          output signals:        1
Removing temp directory.
Removed 0 unused cells and 79 unused wires.

2.47. Executing XILINX_SRL pass (Xilinx shift register extraction).

2.48. Executing TECHMAP pass (map to technology primitives).

2.48.1. Executing Verilog-2005 frontend: /home/diego/head_only/yosys/share/xilinx/lut_map.v
Parsing Verilog input from `/home/diego/head_only/yosys/share/xilinx/lut_map.v' to AST representation.
Generating RTLIL representation for module `\$lut'.
Successfully finished Verilog frontend.

2.48.2. Executing Verilog-2005 frontend: /home/diego/head_only/yosys/share/xilinx/cells_map.v
Parsing Verilog input from `/home/diego/head_only/yosys/share/xilinx/cells_map.v' to AST representation.
Generating RTLIL representation for module `\_90_dff_nn0_to_np0'.
Generating RTLIL representation for module `\_90_dff_pn0_to_pp0'.
Generating RTLIL representation for module `\_90_dff_nn1_to_np1'.
Generating RTLIL representation for module `\_90_dff_pn1_to_pp1'.
Generating RTLIL representation for module `\$__SHREG_'.
Generating RTLIL representation for module `\$__XILINX_SHREG_'.
Generating RTLIL representation for module `\$__XILINX_MUXF78'.
Generating RTLIL representation for module `\$__XILINX_TINOUTPAD'.
Generating RTLIL representation for module `\$__XILINX_TOUTPAD'.
Successfully finished Verilog frontend.

2.48.3. Executing Verilog-2005 frontend: /home/diego/head_only/yosys/share/xilinx/abc9_unmap.v
Parsing Verilog input from `/home/diego/head_only/yosys/share/xilinx/abc9_unmap.v' to AST representation.
Generating RTLIL representation for module `\$__ABC9_LUT6'.
Generating RTLIL representation for module `\$__ABC9_LUT7'.
Generating RTLIL representation for module `\$__ABC9_REG'.
Generating RTLIL representation for module `\$__ABC9_DSP48E1_MUX'.
Generating RTLIL representation for module `\$__ABC9_DSP48E1'.
Successfully finished Verilog frontend.

2.48.4. Continuing TECHMAP pass.
Using template $paramod\$lut\WIDTH=2\LUT=4'1000 for cells of type $lut.
No more expansions possible.
<suppressed ~14 debug messages>
Removed 0 unused cells and 2 unused wires.

2.49. Executing CLKBUFMAP pass (inserting global clock buffers).
Inserting BUFG on rams_sdp_rf.clk[0].

2.50. Executing HIERARCHY pass (managing design hierarchy).

2.50.1. Analyzing design hierarchy..
Top module:  \rams_sdp_rf

2.50.2. Analyzing design hierarchy..
Top module:  \rams_sdp_rf
Removed 0 unused modules.

2.51. Printing statistics.

=== rams_sdp_rf ===

   Number of wires:                 14
   Number of wire bits:            110
   Number of public wires:           8
   Number of public wire bits:      56
   Number of memories:               0
   Number of memory bits:            0
   Number of processes:              0
   Number of cells:                  3
     BUFG                            1
     LUT2                            1
     RAMB18E1                        1

   Estimated number of LCs:          1

2.52. Executing CHECK pass (checking for obvious problems).
checking module rams_sdp_rf..
found and reported 0 problems.

End of script. Logfile hash: 043434ba6d
CPU: user 6.47s system 0.21s, MEM: 268.37 MB total, 236.45 MB resident
Yosys 0.9+932 (git sha1 7dece79, clang 3.8.0-2ubuntu4 -fPIC -Os)
Time spent: 47% 1x share (3 sec), 33% 22x read_verilog (2 sec), ...
